0.6043948
0.62157387
0.6151477
0.6428098
0.6143389
0.61677986
0.63344973
0.6088608
0.6237044
0.6059561
0.6088711
0.6453582
0.6043483
0.6192213
0.6147908
0.61314404
0.6232483
0.6166988
0.6046068
0.6028901
0.61967295
0.6161641
0.61882067
0.62633014
0.6099416
0.5976177
0.6096338
0.6032361
0.60921896
0.6184157
0.62783015
0.61234874
0.61203957
0.6038923
0.59823436
0.609272
0.6072732
0.6161618
0.6154481
0.61496735
0.5955511
0.6083549
0.5943799
0.6053043
0.62352765
0.61231214
0.60557944
0.6260823
0.5946503
0.5954092
0.61356115
0.5924895
0.5918871
0.6053136
0.598393
0.58098465
0.58325195
0.5899476
0.60606253
0.5911403
0.5927255
0.5911638
0.6058634
0.58813846
0.57827777
0.5725139
0.5788772
0.5931207
0.5813302
0.5835616
0.5831731
0.5715772
0.58265215
0.5906078
0.5973501
0.5856996
0.57063234
0.58618194
0.58657676
0.57406104
0.574697
0.5802805
0.5619
0.5760722
0.5821054
0.57786065
0.5918199
0.5724908
0.578183
0.58514893
0.5824567
0.6009378
0.5652191
0.591503
0.5859699
0.573706
0.58172256
0.57146436
0.58400255
0.57484174
0.578019
0.5657755
0.5823895
0.57732815
0.5783247
0.5613765
0.56363004
0.5692828
0.58261734
0.58019125
0.5632988
0.5739604
0.5773491
0.57304704
0.57206595
0.5883342
0.57298577
0.5707316
0.5859207
0.5663603
0.5599774
0.5780075
0.5777601
0.5607394
0.5657216
0.5686528
0.5711484
0.58156735
0.56761885
0.5890537
0.5712263
0.57538855
0.56506747
0.57271886
0.5666977
0.5752434
0.54716
0.57241464
0.575642
0.58166647
0.5622614
0.57846296
0.56977457
0.56150067
0.576743
0.57844865
0.56614363
0.5744265
0.5726429
0.5697161
0.5615992
0.5516577
0.56968963
0.55972683
0.58564603
0.56530553
0.5585762
